#
# There is insufficient memory for the Java Runtime Environment to continue.
# Native memory allocation (malloc) failed to allocate 1448336 bytes for Chunk::new
# Possible reasons:
#   The system is out of physical RAM or swap space
#   In 32 bit mode, the process size limit was hit
# Possible solutions:
#   Reduce memory load on the system
#   Increase physical memory or swap space
#   Check if swap backing store is full
#   Use 64 bit Java on a 64 bit OS
#   Decrease Java heap size (-Xmx/-Xms)
#   Decrease number of Java threads
#   Decrease Java thread stack sizes (-Xss)
#   Set larger code cache with -XX:ReservedCodeCacheSize=
# This output file may be truncated or incomplete.
#
#  Out of Memory Error (allocation.cpp:390), pid=12468, tid=0x00000000000033a8
#
# JRE version: Java(TM) SE Runtime Environment (8.0_161-b12) (build 1.8.0_161-b12)
# Java VM: Java HotSpot(TM) 64-Bit Server VM (25.161-b12 mixed mode windows-amd64 compressed oops)
# Failed to write core dump. Minidumps are not enabled by default on client versions of Windows
#

---------------  T H R E A D  ---------------

Current thread (0x0000000018d67000):  JavaThread "C2 CompilerThread2" daemon [_thread_in_native, id=13224, stack(0x0000000019720000,0x0000000019820000)]

Stack: [0x0000000019720000,0x0000000019820000]
[error occurred during error reporting (printing stack bounds), id 0xc0000005]

Native frames: (J=compiled Java code, j=interpreted, Vv=VM code, C=native code)


Current CompileTask:
C2: 280945 2153       4       org.gradle.cache.internal.DefaultFileLockManager$ExponentialBackoff::retryUntil (57 bytes)


---------------  P R O C E S S  ---------------

Java Threads: ( => current thread )
  0x000000001d13e000 JavaThread "Cache worker for file hash cache (D:\Projects\AndroidProjects\CovidUz\.gradle\5.6.4\fileHashes)" [_thread_blocked, id=8468, stack(0x000000001f010000,0x000000001f110000)]
  0x000000001a173000 JavaThread "Cache worker for journal cache (C:\Users\oss\.gradle\caches\journal-1)" [_thread_in_native, id=17044, stack(0x000000001cd70000,0x000000001ce70000)]
  0x000000001a172800 JavaThread "File lock release action executor" [_thread_blocked, id=17728, stack(0x000000001cc70000,0x000000001cd70000)]
  0x000000001a176000 JavaThread "File lock request listener" [_thread_in_native, id=17676, stack(0x000000001cb70000,0x000000001cc70000)]
  0x000000001a171000 JavaThread "Cache worker for file hash cache (C:\Users\oss\.gradle\caches\5.6.4\fileHashes)" [_thread_blocked, id=14260, stack(0x000000001ca70000,0x000000001cb70000)]
  0x000000001a174000 JavaThread "Thread-9" [_thread_blocked, id=18336, stack(0x000000001c770000,0x000000001c870000)]
  0x000000001a177000 JavaThread "Asynchronous log dispatcher for DefaultDaemonConnection: socket connection from /127.0.0.1:49827 to /127.0.0.1:49845" [_thread_blocked, id=18328, stack(0x000000001c570000,0x000000001c670000)]
  0x000000001a175800 JavaThread "Daemon worker" [_thread_blocked, id=18236, stack(0x000000001c470000,0x000000001c570000)]
  0x000000001a174800 JavaThread "Cancel handler" [_thread_blocked, id=18152, stack(0x000000001c270000,0x000000001c370000)]
  0x000000001a171800 JavaThread "Handler for socket connection from /127.0.0.1:49827 to /127.0.0.1:49845" [_thread_in_native, id=18096, stack(0x000000001bf70000,0x000000001c070000)]
  0x000000001a3bc000 JavaThread "Daemon" [_thread_blocked, id=18088, stack(0x000000001be70000,0x000000001bf70000)]
  0x000000001acbc800 JavaThread "Daemon periodic checks" [_thread_blocked, id=17904, stack(0x000000001bd70000,0x000000001be70000)]
  0x000000001a755000 JavaThread "Incoming local TCP Connector on port 49827" [_thread_in_native, id=17556, stack(0x000000001b930000,0x000000001ba30000)]
  0x000000001ac1d800 JavaThread "Daemon health stats" [_thread_blocked, id=15244, stack(0x000000001b2f0000,0x000000001b3f0000)]
  0x0000000018d73800 JavaThread "Service Thread" daemon [_thread_blocked, id=13300, stack(0x0000000019920000,0x0000000019a20000)]
  0x0000000018d6b000 JavaThread "C1 CompilerThread3" daemon [_thread_blocked, id=13244, stack(0x0000000019820000,0x0000000019920000)]
=>0x0000000018d67000 JavaThread "C2 CompilerThread2" daemon [_thread_in_native, id=13224, stack(0x0000000019720000,0x0000000019820000)]
  0x0000000018d0d000 JavaThread "C2 CompilerThread1" daemon [_thread_blocked, id=13200, stack(0x0000000019620000,0x0000000019720000)]
  0x0000000018d0a800 JavaThread "C2 CompilerThread0" daemon [_thread_blocked, id=13184, stack(0x0000000019520000,0x0000000019620000)]
  0x0000000018d08000 JavaThread "Attach Listener" daemon [_thread_blocked, id=13176, stack(0x0000000019420000,0x0000000019520000)]
  0x0000000018d07000 JavaThread "Signal Dispatcher" daemon [_thread_blocked, id=13164, stack(0x0000000019320000,0x0000000019420000)]
  0x0000000016e23800 JavaThread "Finalizer" daemon [_thread_blocked, id=12936, stack(0x00000000190e0000,0x00000000191e0000)]
  0x0000000016e1c800 JavaThread "Reference Handler" daemon [_thread_blocked, id=12888, stack(0x0000000018be0000,0x0000000018ce0000)]
  0x0000000002dde000 JavaThread "main" [_thread_blocked, id=12648, stack(0x0000000002e60000,0x0000000002f60000)]

Other Threads:
  0x0000000016e19800 VMThread [stack: 0x0000000018ae0000,0x0000000018be0000] [id=12868]
  0x0000000018d74800 WatcherThread [stack: 0x0000000019a20000,0x0000000019b20000] [id=13308]

VM state:not at safepoint (normal execution)

VM Mutex/Monitor currently owned by a thread: None

Heap:
 PSYoungGen      total 70656K, used 27861K [0x00000000e0000000, 0x00000000e9400000, 0x0000000100000000)
  eden space 65536K, 34% used [0x00000000e0000000,0x00000000e16397b0,0x00000000e4000000)
  from space 5120K, 99% used [0x00000000e4000000,0x00000000e44fc040,0x00000000e4500000)
  to   space 10240K, 0% used [0x00000000e8a00000,0x00000000e8a00000,0x00000000e9400000)
 ParOldGen       total 86016K, used 8067K [0x00000000a0000000, 0x00000000a5400000, 0x00000000e0000000)
  object space 86016K, 9% used [0x00000000a0000000,0x00000000a07e0fe0,0x00000000a5400000)
 Metaspace       used 19073K, capacity 19494K, committed 19712K, reserved 1067008K
  class space    used 2793K, capacity 2947K, committed 3072K, reserved 1048576K

Card table byte_map: [0x0000000012420000,0x0000000012730000] byte_map_base: 0x0000000011f20000

Marking Bits: (ParMarkBitMap*) 0x0000000068fff860
 Begin Bits: [0x0000000013130000, 0x0000000014930000)
 End Bits:   [0x0000000014930000, 0x0000000016130000)

Polling page: 0x00000000015a0000

CodeCache: size=245760Kb used=6058Kb max_used=6058Kb free=239701Kb
 bounds [0x0000000003060000, 0x0000000003660000, 0x0000000012060000]
 total_blobs=2315 nmethods=1903 adapters=324
 compilation: enabled

Compilation events (10 events):
Event: 271.866 Thread 0x0000000018d6b000 nmethod 2152 0x0000000003644790 code [0x00000000036448e0, 0x0000000003644a50]
Event: 274.891 Thread 0x0000000018d67000 2153       4       org.gradle.cache.internal.DefaultFileLockManager$ExponentialBackoff::retryUntil (57 bytes)
Event: 274.894 Thread 0x0000000018d0a800 2154       4       sun.nio.ch.FileDispatcherImpl::release (8 bytes)
Event: 274.894 Thread 0x0000000018d0a800 nmethod 2154 0x0000000003179550 code [0x00000000031796a0, 0x0000000003179728]
Event: 275.390 Thread 0x0000000018d0d000 2155       4       java.util.ArrayList::<init> (61 bytes)
Event: 275.391 Thread 0x0000000018d0d000 nmethod 2155 0x0000000003644410 code [0x0000000003644560, 0x00000000036446d8]
Event: 275.511 Thread 0x0000000018d6b000 2156       1       com.google.common.cache.CacheBuilder::getStatsCounterSupplier (5 bytes)
Event: 275.511 Thread 0x0000000018d6b000 nmethod 2156 0x0000000003644150 code [0x00000000036442a0, 0x00000000036443b0]
Event: 275.523 Thread 0x0000000018d6b000 2157       3       com.google.common.collect.RegularImmutableSet::contains (56 bytes)
Event: 275.523 Thread 0x0000000018d6b000 nmethod 2157 0x000000000364b910 code [0x000000000364bac0, 0x000000000364c138]

GC Heap History (10 events):
Event: 6.144 GC heap before
{Heap before GC invocations=1 (full 0):
 PSYoungGen      total 37888K, used 32768K [0x00000000e0000000, 0x00000000e2a00000, 0x0000000100000000)
  eden space 32768K, 100% used [0x00000000e0000000,0x00000000e2000000,0x00000000e2000000)
  from space 5120K, 0% used [0x00000000e2500000,0x00000000e2500000,0x00000000e2a00000)
  to   space 5120K, 0% used [0x00000000e2000000,0x00000000e2000000,0x00000000e2500000)
 ParOldGen       total 86016K, used 0K [0x00000000a0000000, 0x00000000a5400000, 0x00000000e0000000)
  object space 86016K, 0% used [0x00000000a0000000,0x00000000a0000000,0x00000000a5400000)
 Metaspace       used 6745K, capacity 6980K, committed 7168K, reserved 1056768K
  class space    used 847K, capacity 908K, committed 1024K, reserved 1048576K
Event: 6.160 GC heap after
Heap after GC invocations=1 (full 0):
 PSYoungGen      total 37888K, used 4256K [0x00000000e0000000, 0x00000000e2a00000, 0x0000000100000000)
  eden space 32768K, 0% used [0x00000000e0000000,0x00000000e0000000,0x00000000e2000000)
  from space 5120K, 83% used [0x00000000e2000000,0x00000000e2428038,0x00000000e2500000)
  to   space 5120K, 0% used [0x00000000e2500000,0x00000000e2500000,0x00000000e2a00000)
 ParOldGen       total 86016K, used 8K [0x00000000a0000000, 0x00000000a5400000, 0x00000000e0000000)
  object space 86016K, 0% used [0x00000000a0000000,0x00000000a0002000,0x00000000a5400000)
 Metaspace       used 6745K, capacity 6980K, committed 7168K, reserved 1056768K
  class space    used 847K, capacity 908K, committed 1024K, reserved 1048576K
}
Event: 9.523 GC heap before
{Heap before GC invocations=2 (full 0):
 PSYoungGen      total 37888K, used 37024K [0x00000000e0000000, 0x00000000e2a00000, 0x0000000100000000)
  eden space 32768K, 100% used [0x00000000e0000000,0x00000000e2000000,0x00000000e2000000)
  from space 5120K, 83% used [0x00000000e2000000,0x00000000e2428038,0x00000000e2500000)
  to   space 5120K, 0% used [0x00000000e2500000,0x00000000e2500000,0x00000000e2a00000)
 ParOldGen       total 86016K, used 8K [0x00000000a0000000, 0x00000000a5400000, 0x00000000e0000000)
  object space 86016K, 0% used [0x00000000a0000000,0x00000000a0002000,0x00000000a5400000)
 Metaspace       used 8404K, capacity 8606K, committed 8960K, reserved 1056768K
  class space    used 1097K, capacity 1173K, committed 1280K, reserved 1048576K
Event: 9.680 GC heap after
Heap after GC invocations=2 (full 0):
 PSYoungGen      total 37888K, used 4209K [0x00000000e0000000, 0x00000000e4a00000, 0x0000000100000000)
  eden space 32768K, 0% used [0x00000000e0000000,0x00000000e0000000,0x00000000e2000000)
  from space 5120K, 82% used [0x00000000e2500000,0x00000000e291c500,0x00000000e2a00000)
  to   space 5120K, 0% used [0x00000000e2000000,0x00000000e2000000,0x00000000e2500000)
 ParOldGen       total 86016K, used 16K [0x00000000a0000000, 0x00000000a5400000, 0x00000000e0000000)
  object space 86016K, 0% used [0x00000000a0000000,0x00000000a0004000,0x00000000a5400000)
 Metaspace       used 8404K, capacity 8606K, committed 8960K, reserved 1056768K
  class space    used 1097K, capacity 1173K, committed 1280K, reserved 1048576K
}
Event: 58.115 GC heap before
{Heap before GC invocations=3 (full 0):
 PSYoungGen      total 37888K, used 36977K [0x00000000e0000000, 0x00000000e4a00000, 0x0000000100000000)
  eden space 32768K, 100% used [0x00000000e0000000,0x00000000e2000000,0x00000000e2000000)
  from space 5120K, 82% used [0x00000000e2500000,0x00000000e291c500,0x00000000e2a00000)
  to   space 5120K, 0% used [0x00000000e2000000,0x00000000e2000000,0x00000000e2500000)
 ParOldGen       total 86016K, used 16K [0x00000000a0000000, 0x00000000a5400000, 0x00000000e0000000)
  object space 86016K, 0% used [0x00000000a0000000,0x00000000a0004000,0x00000000a5400000)
 Metaspace       used 13105K, capacity 13514K, committed 13824K, reserved 1060864K
  class space    used 1840K, capacity 1993K, committed 2048K, reserved 1048576K
Event: 58.598 GC heap after
Heap after GC invocations=3 (full 0):
 PSYoungGen      total 37888K, used 5105K [0x00000000e0000000, 0x00000000e4a00000, 0x0000000100000000)
  eden space 32768K, 0% used [0x00000000e0000000,0x00000000e0000000,0x00000000e2000000)
  from space 5120K, 99% used [0x00000000e2000000,0x00000000e24fc528,0x00000000e2500000)
  to   space 5120K, 0% used [0x00000000e4500000,0x00000000e4500000,0x00000000e4a00000)
 ParOldGen       total 86016K, used 1533K [0x00000000a0000000, 0x00000000a5400000, 0x00000000e0000000)
  object space 86016K, 1% used [0x00000000a0000000,0x00000000a017f630,0x00000000a5400000)
 Metaspace       used 13105K, capacity 13514K, committed 13824K, reserved 1060864K
  class space    used 1840K, capacity 1993K, committed 2048K, reserved 1048576K
}
Event: 88.477 GC heap before
{Heap before GC invocations=4 (full 0):
 PSYoungGen      total 37888K, used 37873K [0x00000000e0000000, 0x00000000e4a00000, 0x0000000100000000)
  eden space 32768K, 100% used [0x00000000e0000000,0x00000000e2000000,0x00000000e2000000)
  from space 5120K, 99% used [0x00000000e2000000,0x00000000e24fc528,0x00000000e2500000)
  to   space 5120K, 0% used [0x00000000e4500000,0x00000000e4500000,0x00000000e4a00000)
 ParOldGen       total 86016K, used 1533K [0x00000000a0000000, 0x00000000a5400000, 0x00000000e0000000)
  object space 86016K, 1% used [0x00000000a0000000,0x00000000a017f630,0x00000000a5400000)
 Metaspace       used 15939K, capacity 16382K, committed 16640K, reserved 1062912K
  class space    used 2308K, capacity 2465K, committed 2560K, reserved 1048576K
Event: 88.540 GC heap after
Heap after GC invocations=4 (full 0):
 PSYoungGen      total 70656K, used 5120K [0x00000000e0000000, 0x00000000e4a00000, 0x0000000100000000)
  eden space 65536K, 0% used [0x00000000e0000000,0x00000000e0000000,0x00000000e4000000)
  from space 5120K, 100% used [0x00000000e4500000,0x00000000e4a00000,0x00000000e4a00000)
  to   space 5120K, 0% used [0x00000000e4000000,0x00000000e4000000,0x00000000e4500000)
 ParOldGen       total 86016K, used 4285K [0x00000000a0000000, 0x00000000a5400000, 0x00000000e0000000)
  object space 86016K, 4% used [0x00000000a0000000,0x00000000a042f728,0x00000000a5400000)
 Metaspace       used 15939K, capacity 16382K, committed 16640K, reserved 1062912K
  class space    used 2308K, capacity 2465K, committed 2560K, reserved 1048576K
}
Event: 209.275 GC heap before
{Heap before GC invocations=5 (full 0):
 PSYoungGen      total 70656K, used 70656K [0x00000000e0000000, 0x00000000e4a00000, 0x0000000100000000)
  eden space 65536K, 100% used [0x00000000e0000000,0x00000000e4000000,0x00000000e4000000)
  from space 5120K, 100% used [0x00000000e4500000,0x00000000e4a00000,0x00000000e4a00000)
  to   space 5120K, 0% used [0x00000000e4000000,0x00000000e4000000,0x00000000e4500000)
 ParOldGen       total 86016K, used 4285K [0x00000000a0000000, 0x00000000a5400000, 0x00000000e0000000)
  object space 86016K, 4% used [0x00000000a0000000,0x00000000a042f728,0x00000000a5400000)
 Metaspace       used 19029K, capacity 19488K, committed 19712K, reserved 1067008K
  class space    used 2793K, capacity 2946K, committed 3072K, reserved 1048576K
Event: 209.283 GC heap after
Heap after GC invocations=5 (full 0):
 PSYoungGen      total 70656K, used 5104K [0x00000000e0000000, 0x00000000e9400000, 0x0000000100000000)
  eden space 65536K, 0% used [0x00000000e0000000,0x00000000e0000000,0x00000000e4000000)
  from space 5120K, 99% used [0x00000000e4000000,0x00000000e44fc040,0x00000000e4500000)
  to   space 10240K, 0% used [0x00000000e8a00000,0x00000000e8a00000,0x00000000e9400000)
 ParOldGen       total 86016K, used 8067K [0x00000000a0000000, 0x00000000a5400000, 0x00000000e0000000)
  object space 86016K, 9% used [0x00000000a0000000,0x00000000a07e0fe0,0x00000000a5400000)
 Metaspace       used 19029K, capacity 19488K, committed 19712K, reserved 1067008K
  class space    used 2793K, capacity 2946K, committed 3072K, reserved 1048576K
}

Deoptimization events (10 events):
Event: 63.032 Thread 0x000000001a175800 Uncommon trap: reason=class_check action=maybe_recompile pc=0x000000000334b0c4 method=java.util.regex.Matcher.match(II)Z @ 86
Event: 63.303 Thread 0x000000001a175800 Uncommon trap: reason=class_check action=maybe_recompile pc=0x000000000334b0c4 method=java.util.regex.Matcher.match(II)Z @ 86
Event: 63.427 Thread 0x000000001a175800 Uncommon trap: reason=class_check action=maybe_recompile pc=0x000000000334b0c4 method=java.util.regex.Matcher.match(II)Z @ 86
Event: 63.428 Thread 0x000000001a175800 Uncommon trap: reason=class_check action=maybe_recompile pc=0x00000000031d969c method=java.util.regex.Matcher.match(II)Z @ 86
Event: 77.640 Thread 0x000000001a175800 Uncommon trap: reason=unstable_if action=reinterpret pc=0x0000000003539be0 method=java.net.URLClassLoader.isSealed(Ljava/lang/String;Ljava/util/jar/Manifest;)Z @ 26
Event: 91.619 Thread 0x000000001a175800 Uncommon trap: reason=unstable_if action=reinterpret pc=0x000000000350af74 method=java.util.HashMap.putVal(ILjava/lang/Object;Ljava/lang/Object;ZZ)Ljava/lang/Object; @ 236
Event: 100.177 Thread 0x000000001a175800 Uncommon trap: reason=unstable_if action=reinterpret pc=0x00000000031e8088 method=java.net.URI.match(CJJ)Z @ 19
Event: 100.177 Thread 0x000000001a175800 Uncommon trap: reason=unstable_if action=reinterpret pc=0x00000000032a8240 method=java.net.URI.match(CJJ)Z @ 19
Event: 100.974 Thread 0x000000001a175800 Uncommon trap: reason=unstable_if action=reinterpret pc=0x000000000333ef00 method=java.io.File.getName()Ljava/lang/String; @ 16
Event: 191.560 Thread 0x000000001a175800 Uncommon trap: reason=unstable_if action=reinterpret pc=0x000000000321dbb0 method=java.util.concurrent.locks.AbstractQueuedSynchronizer.acquireQueued(Ljava/util/concurrent/locks/AbstractQueuedSynchronizer$Node;I)Z @ 17

Classes redefined (0 events):
No events

Internal exceptions (10 events):
Event: 47.756 Thread 0x000000001a171800 Exception <a 'java/lang/NoSuchMethodError': <clinit>> (0x00000000e0d4bfa0) thrown at [C:\re\workspace\8-2-build-windows-amd64-cygwin\jdk8u161\10277\hotspot\src\share\vm\prims\jni.cpp, line 1613]
Event: 47.759 Thread 0x000000001a171800 Exception <a 'java/lang/NoSuchMethodError': <clinit>> (0x00000000e0d63d38) thrown at [C:\re\workspace\8-2-build-windows-amd64-cygwin\jdk8u161\10277\hotspot\src\share\vm\prims\jni.cpp, line 1613]
Event: 47.760 Thread 0x000000001a171800 Exception <a 'java/lang/NoSuchMethodError': <clinit>> (0x00000000e0d6c800) thrown at [C:\re\workspace\8-2-build-windows-amd64-cygwin\jdk8u161\10277\hotspot\src\share\vm\prims\jni.cpp, line 1613]
Event: 47.762 Thread 0x000000001a171800 Exception <a 'java/lang/NoSuchMethodError': <clinit>> (0x00000000e0d829c8) thrown at [C:\re\workspace\8-2-build-windows-amd64-cygwin\jdk8u161\10277\hotspot\src\share\vm\prims\jni.cpp, line 1613]
Event: 48.232 Thread 0x000000001a171800 Exception <a 'java/lang/NoSuchMethodError': <clinit>> (0x00000000e0dea400) thrown at [C:\re\workspace\8-2-build-windows-amd64-cygwin\jdk8u161\10277\hotspot\src\share\vm\prims\jni.cpp, line 1613]
Event: 48.240 Thread 0x000000001a171800 Exception <a 'java/lang/NoSuchMethodError': <clinit>> (0x00000000e0e16580) thrown at [C:\re\workspace\8-2-build-windows-amd64-cygwin\jdk8u161\10277\hotspot\src\share\vm\prims\jni.cpp, line 1613]
Event: 48.250 Thread 0x000000001a171800 Exception <a 'java/lang/NoSuchMethodError': <clinit>> (0x00000000e0e33fe8) thrown at [C:\re\workspace\8-2-build-windows-amd64-cygwin\jdk8u161\10277\hotspot\src\share\vm\prims\jni.cpp, line 1613]
Event: 79.659 Thread 0x000000001a175800 Exception <a 'java/lang/NoSuchMethodError': java.lang.Object.lambda$and$0(Ljava/util/function/Predicate;Ljava/lang/Object;)Z> (0x00000000e1cb4c00) thrown at [C:\re\workspace\8-2-build-windows-amd64-cygwin\jdk8u161\10277\hotspot\src\share\vm\interpreter\li
Event: 80.875 Thread 0x000000001a175800 Exception <a 'java/lang/IncompatibleClassChangeError': Found class java.lang.Object, but interface was expected> (0x00000000e1ccaf08) thrown at [C:\re\workspace\8-2-build-windows-amd64-cygwin\jdk8u161\10277\hotspot\src\share\vm\interpreter\linkResolver.cp
Event: 83.475 Thread 0x000000001a175800 Exception <a 'java/lang/NoSuchMethodError': java.lang.Object.lambda$or$2(Ljava/util/function/Predicate;Ljava/lang/Object;)Z> (0x00000000e1ccfe18) thrown at [C:\re\workspace\8-2-build-windows-amd64-cygwin\jdk8u161\10277\hotspot\src\share\vm\interpreter\lin

Events (10 events):
Event: 271.866 Executing VM operation: RevokeBias
Event: 271.866 Executing VM operation: RevokeBias done
Event: 275.724 Executing VM operation: RevokeBias
Event: 275.724 Executing VM operation: RevokeBias done
Event: 275.724 Executing VM operation: RevokeBias
Event: 275.724 Executing VM operation: RevokeBias done
Event: 275.724 Executing VM operation: RevokeBias
Event: 275.724 Executing VM operation: RevokeBias done
Event: 275.776 Executing VM operation: RevokeBias
Event: 275.776 Executing VM operation: RevokeBias done


Dynamic libraries:
0x00007ff7cda90000 - 0x00007ff7cdac7000 	C:\Program Files\Java\jdk1.8.0_161\bin\java.exe
0x00007ffb44060000 - 0x00007ffb44250000 	C:\Windows\SYSTEM32\ntdll.dll
0x00007ffb3b680000 - 0x00007ffb3b693000 	C:\Program Files\Avast Software\Avast\aswhook.dll
0x00007ffb43ca0000 - 0x00007ffb43d52000 	C:\Windows\System32\KERNEL32.DLL
0x00007ffb41210000 - 0x00007ffb414b3000 	C:\Windows\System32\KERNELBASE.dll
0x00007ffb432b0000 - 0x00007ffb43353000 	C:\Windows\System32\ADVAPI32.dll
0x00007ffb427a0000 - 0x00007ffb4283e000 	C:\Windows\System32\msvcrt.dll
0x00007ffb43060000 - 0x00007ffb430f7000 	C:\Windows\System32\sechost.dll
0x00007ffb436a0000 - 0x00007ffb437c0000 	C:\Windows\System32\RPCRT4.dll
0x00007ffb42270000 - 0x00007ffb42404000 	C:\Windows\System32\USER32.dll
0x00007ffb41f80000 - 0x00007ffb41fa1000 	C:\Windows\System32\win32u.dll
0x00007ffb42f90000 - 0x00007ffb42fb6000 	C:\Windows\System32\GDI32.dll
0x00007ffb41070000 - 0x00007ffb41204000 	C:\Windows\System32\gdi32full.dll
0x00007ffb41c70000 - 0x00007ffb41d0e000 	C:\Windows\System32\msvcp_win.dll
0x00007ffb41fb0000 - 0x00007ffb420aa000 	C:\Windows\System32\ucrtbase.dll
0x00007ffb32e40000 - 0x00007ffb330c5000 	C:\Windows\WinSxS\amd64_microsoft.windows.common-controls_6595b64144ccf1df_6.0.18362.693_none_e6c1b3c11311d480\COMCTL32.dll
0x00007ffb43360000 - 0x00007ffb43696000 	C:\Windows\System32\combase.dll
0x00007ffb40ff0000 - 0x00007ffb41070000 	C:\Windows\System32\bcryptPrimitives.dll
0x00007ffb426f0000 - 0x00007ffb4271e000 	C:\Windows\System32\IMM32.DLL
0x0000000068360000 - 0x0000000068432000 	C:\Program Files\Java\jdk1.8.0_161\jre\bin\msvcr100.dll
0x00000000687e0000 - 0x000000006907f000 	C:\Program Files\Java\jdk1.8.0_161\jre\bin\server\jvm.dll
0x00007ffb426e0000 - 0x00007ffb426e8000 	C:\Windows\System32\PSAPI.DLL
0x00007ffb31ab0000 - 0x00007ffb31ab9000 	C:\Windows\SYSTEM32\WSOCK32.dll
0x00007ffb43100000 - 0x00007ffb4316f000 	C:\Windows\System32\WS2_32.dll
0x00007ffb3efc0000 - 0x00007ffb3efe4000 	C:\Windows\SYSTEM32\WINMM.dll
0x00007ffb37aa0000 - 0x00007ffb37aaa000 	C:\Windows\SYSTEM32\VERSION.dll
0x00007ffb3ee90000 - 0x00007ffb3eebd000 	C:\Windows\SYSTEM32\WINMMBASE.dll
0x00007ffb41d10000 - 0x00007ffb41d5a000 	C:\Windows\System32\cfgmgr32.dll
0x00000000687d0000 - 0x00000000687df000 	C:\Program Files\Java\jdk1.8.0_161\jre\bin\verify.dll
0x00000000687a0000 - 0x00000000687c9000 	C:\Program Files\Java\jdk1.8.0_161\jre\bin\java.dll
0x0000000068780000 - 0x0000000068796000 	C:\Program Files\Java\jdk1.8.0_161\jre\bin\zip.dll
0x00007ffb428a0000 - 0x00007ffb42f86000 	C:\Windows\System32\SHELL32.dll
0x00007ffb43dc0000 - 0x00007ffb43e69000 	C:\Windows\System32\shcore.dll
0x00007ffb414f0000 - 0x00007ffb41c70000 	C:\Windows\System32\windows.storage.dll
0x00007ffb40fc0000 - 0x00007ffb40fe9000 	C:\Windows\System32\Wldp.dll
0x00007ffb41e30000 - 0x00007ffb41f79000 	C:\Windows\System32\CRYPT32.dll
0x00007ffb40f70000 - 0x00007ffb40f82000 	C:\Windows\System32\MSASN1.dll
0x00007ffb420b0000 - 0x00007ffb4210c000 	C:\Windows\System32\WINTRUST.dll
0x00007ffb40f90000 - 0x00007ffb40fb3000 	C:\Windows\System32\profapi.dll
0x00007ffb40f00000 - 0x00007ffb40f4a000 	C:\Windows\System32\powrprof.dll
0x00007ffb40ef0000 - 0x00007ffb40f00000 	C:\Windows\System32\UMPDC.dll
0x00007ffb42840000 - 0x00007ffb42892000 	C:\Windows\System32\shlwapi.dll
0x00007ffb40f50000 - 0x00007ffb40f61000 	C:\Windows\System32\kernel.appcore.dll
0x00007ffb41d60000 - 0x00007ffb41d77000 	C:\Windows\System32\cryptsp.dll
0x0000000068760000 - 0x000000006877a000 	C:\Program Files\Java\jdk1.8.0_161\jre\bin\net.dll
0x00007ffb40790000 - 0x00007ffb407f7000 	C:\Windows\system32\mswsock.dll
0x0000000068740000 - 0x0000000068751000 	C:\Program Files\Java\jdk1.8.0_161\jre\bin\nio.dll
0x00007ffb33460000 - 0x00007ffb33486000 	C:\Users\oss\.gradle\native\30\windows-amd64\native-platform.dll
0x0000000068730000 - 0x000000006873d000 	C:\Program Files\Java\jdk1.8.0_161\jre\bin\management.dll
0x00007ffb40300000 - 0x00007ffb40333000 	C:\Windows\system32\rsaenh.dll
0x00007ffb414c0000 - 0x00007ffb414e6000 	C:\Windows\System32\bcrypt.dll
0x00007ffb40de0000 - 0x00007ffb40e05000 	C:\Windows\SYSTEM32\USERENV.dll
0x00007ffb40960000 - 0x00007ffb4096c000 	C:\Windows\SYSTEM32\CRYPTBASE.dll
0x00007ffb404a0000 - 0x00007ffb404da000 	C:\Windows\SYSTEM32\IPHLPAPI.DLL
0x00007ffb43f40000 - 0x00007ffb43f48000 	C:\Windows\System32\NSI.dll
0x00007ffb350f0000 - 0x00007ffb35106000 	C:\Windows\SYSTEM32\dhcpcsvc6.DLL
0x00007ffb35320000 - 0x00007ffb3533c000 	C:\Windows\SYSTEM32\dhcpcsvc.DLL
0x00007ffb404e0000 - 0x00007ffb405aa000 	C:\Windows\SYSTEM32\DNSAPI.dll

VM Arguments:
jvm_args: -Xmx1536m -Dfile.encoding=windows-1251 -Duser.country=US -Duser.language=en -Duser.variant 
java_command: org.gradle.launcher.daemon.bootstrap.GradleDaemon 5.6.4
java_class_path (initial): C:\Users\oss\.gradle\gradle-5.6.4\lib\gradle-launcher-5.6.4.jar
Launcher Type: SUN_STANDARD

Environment Variables:
PATH=C:\ProgramData\Oracle\Java\javapath;C:\Program Files\Java\jdk1.8.0_161\bin;C:\Program Files\Microsoft\Web Platform Installer\;C:\Program Files (x86)\Microsoft ASP.NET\ASP.NET Web Pages\v1.0\;C:\Program Files\Microsoft SQL Server\110\Tools\Binn\;C:\Program Files\dotnet\;C:\Users\oss\.gradle\gradle-5.6.4\bin;C:\Program Files\Java\jre1.8.0_161\bin;C:\Program Files\Java\jdk1.8.0_161\bin;C:\Users\oss\AppData\Local\GitHubDesktop\bin
USERNAME=oss
OS=Windows_NT
PROCESSOR_IDENTIFIER=Intel64 Family 6 Model 142 Stepping 12, GenuineIntel



---------------  S Y S T E M  ---------------

OS: Windows 10.0 , 64 bit Build 18362 (10.0.18362.329)

CPU:total 8 (initial active 8) (4 cores per cpu, 2 threads per core) family 6 model 142 stepping 12, cmov, cx8, fxsr, mmx, sse, sse2, sse3, ssse3, sse4.1, sse4.2, popcnt, avx, avx2, aes, clmul, erms, 3dnowpref, lzcnt, ht, tsc, tscinvbit, bmi1, bmi2, adx

Memory: 4k page, physical 8232180k(517280k free), swap 21111244k(4912k free)

vm_info: Java HotSpot(TM) 64-Bit Server VM (25.161-b12) for windows-amd64 JRE (1.8.0_161-b12), built on Dec 19 2017 17:52:25 by "java_re" with MS VC++ 10.0 (VS2010)

time: Sun May 03 16:54:43 2020
elapsed time: 281 seconds (0d 0h 4m 41s)

