#
# There is insufficient memory for the Java Runtime Environment to continue.
# Native memory allocation (malloc) failed to allocate 32744 bytes for ChunkPool::allocate
# Possible reasons:
#   The system is out of physical RAM or swap space
#   In 32 bit mode, the process size limit was hit
# Possible solutions:
#   Reduce memory load on the system
#   Increase physical memory or swap space
#   Check if swap backing store is full
#   Use 64 bit Java on a 64 bit OS
#   Decrease Java heap size (-Xmx/-Xms)
#   Decrease number of Java threads
#   Decrease Java thread stack sizes (-Xss)
#   Set larger code cache with -XX:ReservedCodeCacheSize=
# This output file may be truncated or incomplete.
#
#  Out of Memory Error (allocation.cpp:273), pid=12504, tid=0x0000000000003110
#
# JRE version: Java(TM) SE Runtime Environment (8.0_161-b12) (build 1.8.0_161-b12)
# Java VM: Java HotSpot(TM) 64-Bit Server VM (25.161-b12 mixed mode windows-amd64 compressed oops)
# Failed to write core dump. Minidumps are not enabled by default on client versions of Windows
#

---------------  T H R E A D  ---------------

Current thread (0x0000000017f29800):  JavaThread "C2 CompilerThread0" daemon [_thread_in_native, id=12560, stack(0x0000000018700000,0x0000000018800000)]

Stack: [0x0000000018700000,0x0000000018800000]
[error occurred during error reporting (printing stack bounds), id 0xc0000005]

Native frames: (J=compiled Java code, j=interpreted, Vv=VM code, C=native code)


Current CompileTask:
C2: 280973 2185       4       org.gradle.cache.internal.DefaultFileLockManager$DefaultFileLock$4::run (5 bytes)


---------------  P R O C E S S  ---------------

Java Threads: ( => current thread )
  0x00000000193df800 JavaThread "Cache worker for file hash cache (D:\Projects\AndroidProjects\CovidUz\.gradle\5.6.4\fileHashes)" [_thread_blocked, id=10564, stack(0x000000001e1f0000,0x000000001e2f0000)]
  0x00000000193e0000 JavaThread "Cache worker for journal cache (C:\Users\oss\.gradle\caches\journal-1)" [_thread_blocked, id=9352, stack(0x000000001bf50000,0x000000001c050000)]
  0x00000000193de800 JavaThread "File lock release action executor" [_thread_blocked, id=11752, stack(0x000000001be50000,0x000000001bf50000)]
  0x00000000193e1000 JavaThread "File lock request listener" [_thread_in_native, id=17608, stack(0x000000001bd50000,0x000000001be50000)]
  0x00000000193e1800 JavaThread "Cache worker for file hash cache (C:\Users\oss\.gradle\caches\5.6.4\fileHashes)" [_thread_blocked, id=11308, stack(0x000000001bc50000,0x000000001bd50000)]
  0x00000000181f4800 JavaThread "Thread-9" [_thread_blocked, id=18380, stack(0x000000001b950000,0x000000001ba50000)]
  0x00000000181ee800 JavaThread "Asynchronous log dispatcher for DefaultDaemonConnection: socket connection from /127.0.0.1:49825 to /127.0.0.1:49840" [_thread_blocked, id=18360, stack(0x000000001b750000,0x000000001b850000)]
  0x0000000019b9b000 JavaThread "Daemon worker" [_thread_blocked, id=18344, stack(0x000000001b650000,0x000000001b750000)]
  0x0000000019b99800 JavaThread "Cancel handler" [_thread_blocked, id=18140, stack(0x000000001b450000,0x000000001b550000)]
  0x00000000180a2000 JavaThread "Handler for socket connection from /127.0.0.1:49825 to /127.0.0.1:49840" [_thread_in_native, id=18092, stack(0x000000001b150000,0x000000001b250000)]
  0x0000000017ffa000 JavaThread "Daemon" [_thread_blocked, id=18084, stack(0x000000001b050000,0x000000001b150000)]
  0x0000000019b7b000 JavaThread "Daemon periodic checks" [_thread_blocked, id=17872, stack(0x000000001af50000,0x000000001b050000)]
  0x0000000019e3b800 JavaThread "Incoming local TCP Connector on port 49825" [_thread_in_native, id=17532, stack(0x000000001ab10000,0x000000001ac10000)]
  0x000000001814d000 JavaThread "Daemon health stats" [_thread_blocked, id=15356, stack(0x000000001a4d0000,0x000000001a5d0000)]
  0x0000000017f8c800 JavaThread "Service Thread" daemon [_thread_blocked, id=12992, stack(0x0000000018b00000,0x0000000018c00000)]
  0x0000000017f88000 JavaThread "C1 CompilerThread3" daemon [_thread_blocked, id=13032, stack(0x0000000018a00000,0x0000000018b00000)]
  0x0000000017f84000 JavaThread "C2 CompilerThread2" daemon [_thread_blocked, id=12944, stack(0x0000000018900000,0x0000000018a00000)]
  0x0000000017f2c800 JavaThread "C2 CompilerThread1" daemon [_thread_blocked, id=12900, stack(0x0000000018800000,0x0000000018900000)]
=>0x0000000017f29800 JavaThread "C2 CompilerThread0" daemon [_thread_in_native, id=12560, stack(0x0000000018700000,0x0000000018800000)]
  0x0000000017f26800 JavaThread "Attach Listener" daemon [_thread_blocked, id=12552, stack(0x0000000018600000,0x0000000018700000)]
  0x000000000224e800 JavaThread "Signal Dispatcher" daemon [_thread_blocked, id=10652, stack(0x0000000018500000,0x0000000018600000)]
  0x0000000002248800 JavaThread "Finalizer" daemon [_thread_blocked, id=13284, stack(0x0000000018300000,0x0000000018400000)]
  0x0000000002247000 JavaThread "Reference Handler" daemon [_thread_blocked, id=13276, stack(0x0000000017e00000,0x0000000017f00000)]
  0x000000000081e000 JavaThread "main" [_thread_blocked, id=12920, stack(0x0000000002050000,0x0000000002150000)]

Other Threads:
  0x000000001600a000 VMThread [stack: 0x0000000017d00000,0x0000000017e00000] [id=13160]
  0x0000000017f92800 WatcherThread [stack: 0x0000000018c00000,0x0000000018d00000] [id=13072]

VM state:not at safepoint (normal execution)

VM Mutex/Monitor currently owned by a thread: None

Heap:
 PSYoungGen      total 136192K, used 37393K [0x00000000e0000000, 0x00000000e8a00000, 0x0000000100000000)
  eden space 131072K, 24% used [0x00000000e0000000,0x00000000e1f885b0,0x00000000e8000000)
  from space 5120K, 99% used [0x00000000e8500000,0x00000000e89fc040,0x00000000e8a00000)
  to   space 5120K, 0% used [0x00000000e8000000,0x00000000e8000000,0x00000000e8500000)
 ParOldGen       total 86016K, used 8808K [0x00000000a0000000, 0x00000000a5400000, 0x00000000e0000000)
  object space 86016K, 10% used [0x00000000a0000000,0x00000000a089a010,0x00000000a5400000)
 Metaspace       used 19082K, capacity 19502K, committed 19712K, reserved 1067008K
  class space    used 2793K, capacity 2947K, committed 3072K, reserved 1048576K

Card table byte_map: [0x0000000011610000,0x0000000011920000] byte_map_base: 0x0000000011110000

Marking Bits: (ParMarkBitMap*) 0x0000000068fff860
 Begin Bits: [0x0000000012320000, 0x0000000013b20000)
 End Bits:   [0x0000000013b20000, 0x0000000015320000)

Polling page: 0x0000000000650000

CodeCache: size=245760Kb used=6164Kb max_used=6204Kb free=239595Kb
 bounds [0x0000000002250000, 0x0000000002870000, 0x0000000011250000]
 total_blobs=2328 nmethods=1916 adapters=324
 compilation: enabled

Compilation events (10 events):
Event: 269.780 Thread 0x0000000017f2c800 nmethod 2180 0x0000000002449410 code [0x0000000002449540, 0x00000000024495b8]
Event: 269.780 Thread 0x0000000017f84000 nmethod 2181 0x0000000002719f50 code [0x000000000271a080, 0x000000000271a0f8]
Event: 269.796 Thread 0x0000000017f2c800 2182       4       sun.nio.ch.FileDispatcherImpl::release (8 bytes)
Event: 269.796 Thread 0x0000000017f2c800 nmethod 2182 0x00000000023ee910 code [0x00000000023eea60, 0x00000000023eeae8]
Event: 270.764 Thread 0x0000000017f29800 nmethod 2179 0x0000000002851d90 code [0x00000000028527c0, 0x000000000285c670]
Event: 271.768 Thread 0x0000000017f84000 2183       4       java.util.ArrayList::<init> (61 bytes)
Event: 271.769 Thread 0x0000000017f84000 nmethod 2183 0x000000000283fa90 code [0x000000000283fbe0, 0x000000000283fd58]
Event: 274.821 Thread 0x0000000017f2c800 2184  s    4       sun.nio.ch.FileLockImpl::release (79 bytes)
Event: 274.852 Thread 0x0000000017f2c800 nmethod 2184 0x000000000284f490 code [0x000000000284f680, 0x0000000002850830]
Event: 275.468 Thread 0x0000000017f29800 2185       4       org.gradle.cache.internal.DefaultFileLockManager$DefaultFileLock$4::run (5 bytes)

GC Heap History (8 events):
Event: 5.574 GC heap before
{Heap before GC invocations=1 (full 0):
 PSYoungGen      total 37888K, used 32768K [0x00000000e0000000, 0x00000000e2a00000, 0x0000000100000000)
  eden space 32768K, 100% used [0x00000000e0000000,0x00000000e2000000,0x00000000e2000000)
  from space 5120K, 0% used [0x00000000e2500000,0x00000000e2500000,0x00000000e2a00000)
  to   space 5120K, 0% used [0x00000000e2000000,0x00000000e2000000,0x00000000e2500000)
 ParOldGen       total 86016K, used 0K [0x00000000a0000000, 0x00000000a5400000, 0x00000000e0000000)
  object space 86016K, 0% used [0x00000000a0000000,0x00000000a0000000,0x00000000a5400000)
 Metaspace       used 6754K, capacity 6988K, committed 7168K, reserved 1056768K
  class space    used 847K, capacity 908K, committed 1024K, reserved 1048576K
Event: 5.641 GC heap after
Heap after GC invocations=1 (full 0):
 PSYoungGen      total 37888K, used 4238K [0x00000000e0000000, 0x00000000e4a00000, 0x0000000100000000)
  eden space 32768K, 0% used [0x00000000e0000000,0x00000000e0000000,0x00000000e2000000)
  from space 5120K, 82% used [0x00000000e2000000,0x00000000e2423918,0x00000000e2500000)
  to   space 5120K, 0% used [0x00000000e4500000,0x00000000e4500000,0x00000000e4a00000)
 ParOldGen       total 86016K, used 8K [0x00000000a0000000, 0x00000000a5400000, 0x00000000e0000000)
  object space 86016K, 0% used [0x00000000a0000000,0x00000000a0002000,0x00000000a5400000)
 Metaspace       used 6754K, capacity 6988K, committed 7168K, reserved 1056768K
  class space    used 847K, capacity 908K, committed 1024K, reserved 1048576K
}
Event: 9.392 GC heap before
{Heap before GC invocations=2 (full 0):
 PSYoungGen      total 37888K, used 37006K [0x00000000e0000000, 0x00000000e4a00000, 0x0000000100000000)
  eden space 32768K, 100% used [0x00000000e0000000,0x00000000e2000000,0x00000000e2000000)
  from space 5120K, 82% used [0x00000000e2000000,0x00000000e2423918,0x00000000e2500000)
  to   space 5120K, 0% used [0x00000000e4500000,0x00000000e4500000,0x00000000e4a00000)
 ParOldGen       total 86016K, used 8K [0x00000000a0000000, 0x00000000a5400000, 0x00000000e0000000)
  object space 86016K, 0% used [0x00000000a0000000,0x00000000a0002000,0x00000000a5400000)
 Metaspace       used 8406K, capacity 8614K, committed 8960K, reserved 1056768K
  class space    used 1097K, capacity 1173K, committed 1280K, reserved 1048576K
Event: 9.559 GC heap after
Heap after GC invocations=2 (full 0):
 PSYoungGen      total 70656K, used 4193K [0x00000000e0000000, 0x00000000e4a00000, 0x0000000100000000)
  eden space 65536K, 0% used [0x00000000e0000000,0x00000000e0000000,0x00000000e4000000)
  from space 5120K, 81% used [0x00000000e4500000,0x00000000e49184f0,0x00000000e4a00000)
  to   space 5120K, 0% used [0x00000000e4000000,0x00000000e4000000,0x00000000e4500000)
 ParOldGen       total 86016K, used 16K [0x00000000a0000000, 0x00000000a5400000, 0x00000000e0000000)
  object space 86016K, 0% used [0x00000000a0000000,0x00000000a0004000,0x00000000a5400000)
 Metaspace       used 8406K, capacity 8614K, committed 8960K, reserved 1056768K
  class space    used 1097K, capacity 1173K, committed 1280K, reserved 1048576K
}
Event: 77.324 GC heap before
{Heap before GC invocations=3 (full 0):
 PSYoungGen      total 70656K, used 69729K [0x00000000e0000000, 0x00000000e4a00000, 0x0000000100000000)
  eden space 65536K, 100% used [0x00000000e0000000,0x00000000e4000000,0x00000000e4000000)
  from space 5120K, 81% used [0x00000000e4500000,0x00000000e49184f0,0x00000000e4a00000)
  to   space 5120K, 0% used [0x00000000e4000000,0x00000000e4000000,0x00000000e4500000)
 ParOldGen       total 86016K, used 16K [0x00000000a0000000, 0x00000000a5400000, 0x00000000e0000000)
  object space 86016K, 0% used [0x00000000a0000000,0x00000000a0004000,0x00000000a5400000)
 Metaspace       used 15112K, capacity 15582K, committed 16000K, reserved 1062912K
  class space    used 2183K, capacity 2319K, committed 2432K, reserved 1048576K
Event: 77.708 GC heap after
Heap after GC invocations=3 (full 0):
 PSYoungGen      total 70656K, used 5104K [0x00000000e0000000, 0x00000000e8a00000, 0x0000000100000000)
  eden space 65536K, 0% used [0x00000000e0000000,0x00000000e0000000,0x00000000e4000000)
  from space 5120K, 99% used [0x00000000e4000000,0x00000000e44fc010,0x00000000e4500000)
  to   space 5120K, 0% used [0x00000000e8500000,0x00000000e8500000,0x00000000e8a00000)
 ParOldGen       total 86016K, used 4439K [0x00000000a0000000, 0x00000000a5400000, 0x00000000e0000000)
  object space 86016K, 5% used [0x00000000a0000000,0x00000000a0455dc8,0x00000000a5400000)
 Metaspace       used 15112K, capacity 15582K, committed 16000K, reserved 1062912K
  class space    used 2183K, capacity 2319K, committed 2432K, reserved 1048576K
}
Event: 188.844 GC heap before
{Heap before GC invocations=4 (full 0):
 PSYoungGen      total 70656K, used 70640K [0x00000000e0000000, 0x00000000e8a00000, 0x0000000100000000)
  eden space 65536K, 100% used [0x00000000e0000000,0x00000000e4000000,0x00000000e4000000)
  from space 5120K, 99% used [0x00000000e4000000,0x00000000e44fc010,0x00000000e4500000)
  to   space 5120K, 0% used [0x00000000e8500000,0x00000000e8500000,0x00000000e8a00000)
 ParOldGen       total 86016K, used 4439K [0x00000000a0000000, 0x00000000a5400000, 0x00000000e0000000)
  object space 86016K, 5% used [0x00000000a0000000,0x00000000a0455dc8,0x00000000a5400000)
 Metaspace       used 19022K, capacity 19496K, committed 19712K, reserved 1067008K
  class space    used 2792K, capacity 2946K, committed 3072K, reserved 1048576K
Event: 188.855 GC heap after
Heap after GC invocations=4 (full 0):
 PSYoungGen      total 136192K, used 5104K [0x00000000e0000000, 0x00000000e8a00000, 0x0000000100000000)
  eden space 131072K, 0% used [0x00000000e0000000,0x00000000e0000000,0x00000000e8000000)
  from space 5120K, 99% used [0x00000000e8500000,0x00000000e89fc040,0x00000000e8a00000)
  to   space 5120K, 0% used [0x00000000e8000000,0x00000000e8000000,0x00000000e8500000)
 ParOldGen       total 86016K, used 8808K [0x00000000a0000000, 0x00000000a5400000, 0x00000000e0000000)
  object space 86016K, 10% used [0x00000000a0000000,0x00000000a089a010,0x00000000a5400000)
 Metaspace       used 19022K, capacity 19496K, committed 19712K, reserved 1067008K
  class space    used 2792K, capacity 2946K, committed 3072K, reserved 1048576K
}

Deoptimization events (10 events):
Event: 51.780 Thread 0x0000000019b9b000 Uncommon trap: reason=bimorphic action=maybe_recompile pc=0x00000000024c82ec method=java.util.HashMap.putVal(ILjava/lang/Object;Ljava/lang/Object;ZZ)Ljava/lang/Object; @ 253
Event: 61.134 Thread 0x0000000019b9b000 Uncommon trap: reason=class_check action=maybe_recompile pc=0x000000000253a0d8 method=java.util.regex.Matcher.match(II)Z @ 86
Event: 62.290 Thread 0x0000000019b9b000 Uncommon trap: reason=class_check action=maybe_recompile pc=0x000000000253a0d8 method=java.util.regex.Matcher.match(II)Z @ 86
Event: 62.295 Thread 0x0000000019b9b000 Uncommon trap: reason=class_check action=maybe_recompile pc=0x000000000253a0d8 method=java.util.regex.Matcher.match(II)Z @ 86
Event: 62.295 Thread 0x0000000019b9b000 Uncommon trap: reason=class_check action=maybe_recompile pc=0x00000000023c9a4c method=java.util.regex.Matcher.match(II)Z @ 86
Event: 77.719 Thread 0x0000000019b9b000 Uncommon trap: reason=unstable_if action=reinterpret pc=0x0000000002730834 method=java.net.URLClassLoader.isSealed(Ljava/lang/String;Ljava/util/jar/Manifest;)Z @ 26
Event: 91.276 Thread 0x0000000019b9b000 Uncommon trap: reason=unstable_if action=reinterpret pc=0x00000000026f7160 method=java.util.HashMap.putVal(ILjava/lang/Object;Ljava/lang/Object;ZZ)Ljava/lang/Object; @ 236
Event: 99.817 Thread 0x0000000019b9b000 Uncommon trap: reason=unstable_if action=reinterpret pc=0x00000000023d0648 method=java.net.URI.match(CJJ)Z @ 19
Event: 99.817 Thread 0x0000000019b9b000 Uncommon trap: reason=unstable_if action=reinterpret pc=0x00000000024a4280 method=java.net.URI.match(CJJ)Z @ 19
Event: 100.660 Thread 0x0000000019b9b000 Uncommon trap: reason=unstable_if action=reinterpret pc=0x0000000002538d18 method=java.io.File.getName()Ljava/lang/String; @ 16

Classes redefined (0 events):
No events

Internal exceptions (10 events):
Event: 47.458 Thread 0x00000000180a2000 Exception <a 'java/lang/NoSuchMethodError': <clinit>> (0x00000000e0f7cb98) thrown at [C:\re\workspace\8-2-build-windows-amd64-cygwin\jdk8u161\10277\hotspot\src\share\vm\prims\jni.cpp, line 1613]
Event: 47.461 Thread 0x00000000180a2000 Exception <a 'java/lang/NoSuchMethodError': <clinit>> (0x00000000e0f94930) thrown at [C:\re\workspace\8-2-build-windows-amd64-cygwin\jdk8u161\10277\hotspot\src\share\vm\prims\jni.cpp, line 1613]
Event: 47.461 Thread 0x00000000180a2000 Exception <a 'java/lang/NoSuchMethodError': <clinit>> (0x00000000e0f9d3f8) thrown at [C:\re\workspace\8-2-build-windows-amd64-cygwin\jdk8u161\10277\hotspot\src\share\vm\prims\jni.cpp, line 1613]
Event: 47.464 Thread 0x00000000180a2000 Exception <a 'java/lang/NoSuchMethodError': <clinit>> (0x00000000e0fb35e0) thrown at [C:\re\workspace\8-2-build-windows-amd64-cygwin\jdk8u161\10277\hotspot\src\share\vm\prims\jni.cpp, line 1613]
Event: 47.578 Thread 0x00000000180a2000 Exception <a 'java/lang/NoSuchMethodError': <clinit>> (0x00000000e101af90) thrown at [C:\re\workspace\8-2-build-windows-amd64-cygwin\jdk8u161\10277\hotspot\src\share\vm\prims\jni.cpp, line 1613]
Event: 47.593 Thread 0x00000000180a2000 Exception <a 'java/lang/NoSuchMethodError': <clinit>> (0x00000000e10470b0) thrown at [C:\re\workspace\8-2-build-windows-amd64-cygwin\jdk8u161\10277\hotspot\src\share\vm\prims\jni.cpp, line 1613]
Event: 47.607 Thread 0x00000000180a2000 Exception <a 'java/lang/NoSuchMethodError': <clinit>> (0x00000000e1064b30) thrown at [C:\re\workspace\8-2-build-windows-amd64-cygwin\jdk8u161\10277\hotspot\src\share\vm\prims\jni.cpp, line 1613]
Event: 79.348 Thread 0x0000000019b9b000 Exception <a 'java/lang/NoSuchMethodError': java.lang.Object.lambda$and$0(Ljava/util/function/Predicate;Ljava/lang/Object;)Z> (0x00000000e01fdb28) thrown at [C:\re\workspace\8-2-build-windows-amd64-cygwin\jdk8u161\10277\hotspot\src\share\vm\interpreter\li
Event: 80.727 Thread 0x0000000019b9b000 Exception <a 'java/lang/IncompatibleClassChangeError': Found class java.lang.Object, but interface was expected> (0x00000000e0213e18) thrown at [C:\re\workspace\8-2-build-windows-amd64-cygwin\jdk8u161\10277\hotspot\src\share\vm\interpreter\linkResolver.cp
Event: 83.164 Thread 0x0000000019b9b000 Exception <a 'java/lang/NoSuchMethodError': java.lang.Object.lambda$or$2(Ljava/util/function/Predicate;Ljava/lang/Object;)Z> (0x00000000e0218d28) thrown at [C:\re\workspace\8-2-build-windows-amd64-cygwin\jdk8u161\10277\hotspot\src\share\vm\interpreter\lin

Events (10 events):
Event: 268.497 Executing VM operation: RevokeBias
Event: 268.497 Executing VM operation: RevokeBias done
Event: 269.981 Executing VM operation: RevokeBias
Event: 270.177 Executing VM operation: RevokeBias done
Event: 270.177 Executing VM operation: RevokeBias
Event: 270.177 Executing VM operation: RevokeBias done
Event: 270.177 Executing VM operation: RevokeBias
Event: 270.178 Executing VM operation: RevokeBias done
Event: 270.178 Executing VM operation: RevokeBias
Event: 270.178 Executing VM operation: RevokeBias done


Dynamic libraries:
0x00007ff7cda90000 - 0x00007ff7cdac7000 	C:\Program Files\Java\jdk1.8.0_161\bin\java.exe
0x00007ffb44060000 - 0x00007ffb44250000 	C:\Windows\SYSTEM32\ntdll.dll
0x00007ffb3b680000 - 0x00007ffb3b693000 	C:\Program Files\Avast Software\Avast\aswhook.dll
0x00007ffb43ca0000 - 0x00007ffb43d52000 	C:\Windows\System32\KERNEL32.DLL
0x00007ffb41210000 - 0x00007ffb414b3000 	C:\Windows\System32\KERNELBASE.dll
0x00007ffb432b0000 - 0x00007ffb43353000 	C:\Windows\System32\ADVAPI32.dll
0x00007ffb427a0000 - 0x00007ffb4283e000 	C:\Windows\System32\msvcrt.dll
0x00007ffb43060000 - 0x00007ffb430f7000 	C:\Windows\System32\sechost.dll
0x00007ffb436a0000 - 0x00007ffb437c0000 	C:\Windows\System32\RPCRT4.dll
0x00007ffb42270000 - 0x00007ffb42404000 	C:\Windows\System32\USER32.dll
0x00007ffb41f80000 - 0x00007ffb41fa1000 	C:\Windows\System32\win32u.dll
0x00007ffb42f90000 - 0x00007ffb42fb6000 	C:\Windows\System32\GDI32.dll
0x00007ffb41070000 - 0x00007ffb41204000 	C:\Windows\System32\gdi32full.dll
0x00007ffb41c70000 - 0x00007ffb41d0e000 	C:\Windows\System32\msvcp_win.dll
0x00007ffb41fb0000 - 0x00007ffb420aa000 	C:\Windows\System32\ucrtbase.dll
0x00007ffb32e40000 - 0x00007ffb330c5000 	C:\Windows\WinSxS\amd64_microsoft.windows.common-controls_6595b64144ccf1df_6.0.18362.693_none_e6c1b3c11311d480\COMCTL32.dll
0x00007ffb43360000 - 0x00007ffb43696000 	C:\Windows\System32\combase.dll
0x00007ffb40ff0000 - 0x00007ffb41070000 	C:\Windows\System32\bcryptPrimitives.dll
0x00007ffb426f0000 - 0x00007ffb4271e000 	C:\Windows\System32\IMM32.DLL
0x0000000068360000 - 0x0000000068432000 	C:\Program Files\Java\jdk1.8.0_161\jre\bin\msvcr100.dll
0x00000000687e0000 - 0x000000006907f000 	C:\Program Files\Java\jdk1.8.0_161\jre\bin\server\jvm.dll
0x00007ffb426e0000 - 0x00007ffb426e8000 	C:\Windows\System32\PSAPI.DLL
0x00007ffb31ab0000 - 0x00007ffb31ab9000 	C:\Windows\SYSTEM32\WSOCK32.dll
0x00007ffb43100000 - 0x00007ffb4316f000 	C:\Windows\System32\WS2_32.dll
0x00007ffb3efc0000 - 0x00007ffb3efe4000 	C:\Windows\SYSTEM32\WINMM.dll
0x00007ffb37aa0000 - 0x00007ffb37aaa000 	C:\Windows\SYSTEM32\VERSION.dll
0x00007ffb3ee90000 - 0x00007ffb3eebd000 	C:\Windows\SYSTEM32\WINMMBASE.dll
0x00007ffb41d10000 - 0x00007ffb41d5a000 	C:\Windows\System32\cfgmgr32.dll
0x00000000687d0000 - 0x00000000687df000 	C:\Program Files\Java\jdk1.8.0_161\jre\bin\verify.dll
0x00000000687a0000 - 0x00000000687c9000 	C:\Program Files\Java\jdk1.8.0_161\jre\bin\java.dll
0x0000000068780000 - 0x0000000068796000 	C:\Program Files\Java\jdk1.8.0_161\jre\bin\zip.dll
0x00007ffb428a0000 - 0x00007ffb42f86000 	C:\Windows\System32\SHELL32.dll
0x00007ffb43dc0000 - 0x00007ffb43e69000 	C:\Windows\System32\shcore.dll
0x00007ffb414f0000 - 0x00007ffb41c70000 	C:\Windows\System32\windows.storage.dll
0x00007ffb40fc0000 - 0x00007ffb40fe9000 	C:\Windows\System32\Wldp.dll
0x00007ffb41e30000 - 0x00007ffb41f79000 	C:\Windows\System32\CRYPT32.dll
0x00007ffb40f70000 - 0x00007ffb40f82000 	C:\Windows\System32\MSASN1.dll
0x00007ffb420b0000 - 0x00007ffb4210c000 	C:\Windows\System32\WINTRUST.dll
0x00007ffb40f90000 - 0x00007ffb40fb3000 	C:\Windows\System32\profapi.dll
0x00007ffb40f00000 - 0x00007ffb40f4a000 	C:\Windows\System32\powrprof.dll
0x00007ffb40ef0000 - 0x00007ffb40f00000 	C:\Windows\System32\UMPDC.dll
0x00007ffb42840000 - 0x00007ffb42892000 	C:\Windows\System32\shlwapi.dll
0x00007ffb40f50000 - 0x00007ffb40f61000 	C:\Windows\System32\kernel.appcore.dll
0x00007ffb41d60000 - 0x00007ffb41d77000 	C:\Windows\System32\cryptsp.dll
0x0000000068760000 - 0x000000006877a000 	C:\Program Files\Java\jdk1.8.0_161\jre\bin\net.dll
0x00007ffb40790000 - 0x00007ffb407f7000 	C:\Windows\system32\mswsock.dll
0x0000000068740000 - 0x0000000068751000 	C:\Program Files\Java\jdk1.8.0_161\jre\bin\nio.dll
0x00007ffb33460000 - 0x00007ffb33486000 	C:\Users\oss\.gradle\native\30\windows-amd64\native-platform.dll
0x0000000068730000 - 0x000000006873d000 	C:\Program Files\Java\jdk1.8.0_161\jre\bin\management.dll
0x00007ffb40300000 - 0x00007ffb40333000 	C:\Windows\system32\rsaenh.dll
0x00007ffb414c0000 - 0x00007ffb414e6000 	C:\Windows\System32\bcrypt.dll
0x00007ffb40de0000 - 0x00007ffb40e05000 	C:\Windows\SYSTEM32\USERENV.dll
0x00007ffb40960000 - 0x00007ffb4096c000 	C:\Windows\SYSTEM32\CRYPTBASE.dll
0x00007ffb404a0000 - 0x00007ffb404da000 	C:\Windows\SYSTEM32\IPHLPAPI.DLL
0x00007ffb43f40000 - 0x00007ffb43f48000 	C:\Windows\System32\NSI.dll
0x00007ffb350f0000 - 0x00007ffb35106000 	C:\Windows\SYSTEM32\dhcpcsvc6.DLL
0x00007ffb35320000 - 0x00007ffb3533c000 	C:\Windows\SYSTEM32\dhcpcsvc.DLL
0x00007ffb404e0000 - 0x00007ffb405aa000 	C:\Windows\SYSTEM32\DNSAPI.dll

VM Arguments:
jvm_args: -Xmx1536m -Dfile.encoding=windows-1251 -Duser.country=US -Duser.language=en -Duser.variant 
java_command: org.gradle.launcher.daemon.bootstrap.GradleDaemon 5.6.4
java_class_path (initial): C:\Users\oss\.gradle\gradle-5.6.4\lib\gradle-launcher-5.6.4.jar
Launcher Type: SUN_STANDARD

Environment Variables:
PATH=C:\ProgramData\Oracle\Java\javapath;C:\Program Files\Java\jdk1.8.0_161\bin;C:\Program Files\Microsoft\Web Platform Installer\;C:\Program Files (x86)\Microsoft ASP.NET\ASP.NET Web Pages\v1.0\;C:\Program Files\Microsoft SQL Server\110\Tools\Binn\;C:\Program Files\dotnet\;C:\Users\oss\.gradle\gradle-5.6.4\bin;C:\Program Files\Java\jre1.8.0_161\bin;C:\Program Files\Java\jdk1.8.0_161\bin;C:\Users\oss\AppData\Local\GitHubDesktop\bin
USERNAME=oss
OS=Windows_NT
PROCESSOR_IDENTIFIER=Intel64 Family 6 Model 142 Stepping 12, GenuineIntel



---------------  S Y S T E M  ---------------

OS: Windows 10.0 , 64 bit Build 18362 (10.0.18362.329)

CPU:total 8 (initial active 8) (4 cores per cpu, 2 threads per core) family 6 model 142 stepping 12, cmov, cx8, fxsr, mmx, sse, sse2, sse3, ssse3, sse4.1, sse4.2, popcnt, avx, avx2, aes, clmul, erms, 3dnowpref, lzcnt, ht, tsc, tscinvbit, bmi1, bmi2, adx

Memory: 4k page, physical 8232180k(500496k free), swap 21111244k(1160k free)

vm_info: Java HotSpot(TM) 64-Bit Server VM (25.161-b12) for windows-amd64 JRE (1.8.0_161-b12), built on Dec 19 2017 17:52:25 by "java_re" with MS VC++ 10.0 (VS2010)

time: Sun May 03 16:54:45 2020
elapsed time: 282 seconds (0d 0h 4m 42s)

